  meshviewer.cpp
C:\Users\sq\Desktop\ComputerGraphics\meshviewer_project-stu\Meshviewer\meshviewer.cpp(1,1): warning C4819: 该文件包含不能在当前代码页(936)中表示的字符。请将该文件保存为 Unicode 格式以防止数据丢失
C:\Users\sq\Desktop\ComputerGraphics\meshviewer_project-stu\Meshviewer\MeshInterface.h(1,1): warning C4819: 该文件包含不能在当前代码页(936)中表示的字符。请将该文件保存为 Unicode 格式以防止数据丢失
C:\Users\sq\Desktop\ComputerGraphics\meshviewer_project-stu\Meshviewer\Viewer\ViewerTrackball.h(126,49): warning C4244: “参数”: 从“double”转换到“GLfloat”，可能丢失数据
C:\Users\sq\Desktop\ComputerGraphics\meshviewer_project-stu\Meshviewer\Viewer\ViewerTrackball.h(126,39): warning C4244: “参数”: 从“double”转换到“GLfloat”，可能丢失数据
C:\Users\sq\Desktop\ComputerGraphics\meshviewer_project-stu\Meshviewer\Viewer\ViewerTrackball.h(126,29): warning C4244: “参数”: 从“double”转换到“GLfloat”，可能丢失数据
C:\Users\sq\Desktop\ComputerGraphics\meshviewer_project-stu\Meshviewer\Viewer\ViewerTrackball.h(126,14): warning C4244: “参数”: 从“double”转换到“GLfloat”，可能丢失数据
C:\Users\sq\Desktop\ComputerGraphics\meshviewer_project-stu\Meshviewer\Viewer\ViewerCallbacks.h(88,44): warning C4305: “初始化”: 从“double”到“GLfloat”截断
C:\Users\sq\Desktop\ComputerGraphics\meshviewer_project-stu\Meshviewer\Viewer\ViewerCallbacks.h(89,44): warning C4305: “初始化”: 从“double”到“GLfloat”截断
C:\Users\sq\Desktop\ComputerGraphics\meshviewer_project-stu\Meshviewer\Viewer\ViewerCallbacks.h(90,44): warning C4305: “初始化”: 从“double”到“GLfloat”截断
C:\Users\sq\Desktop\ComputerGraphics\meshviewer_project-stu\Meshviewer\Viewer\ViewerCallbacks.h(92,44): warning C4305: “初始化”: 从“double”到“GLfloat”截断
C:\Users\sq\Desktop\ComputerGraphics\meshviewer_project-stu\Meshviewer\Viewer\ViewerCallbacks.h(93,44): warning C4305: “初始化”: 从“double”到“GLfloat”截断
C:\Users\sq\Desktop\ComputerGraphics\meshviewer_project-stu\Meshviewer\Viewer\ViewerCallbacks.h(94,44): warning C4305: “初始化”: 从“double”到“GLfloat”截断
C:\Users\sq\Desktop\ComputerGraphics\meshviewer_project-stu\Meshviewer\mesh\extension\ExItems.h(1,1): warning C4819: 该文件包含不能在当前代码页(936)中表示的字符。请将该文件保存为 Unicode 格式以防止数据丢失
C:\Users\sq\Desktop\ComputerGraphics\meshviewer_project-stu\Meshviewer\mesh\core\Vector3T.h(1,1): warning C4819: 该文件包含不能在当前代码页(936)中表示的字符。请将该文件保存为 Unicode 格式以防止数据丢失
C:\Users\sq\Desktop\ComputerGraphics\meshviewer_project-stu\Meshviewer\mesh\extension\ExKernelT.cpp(1,1): warning C4819: 该文件包含不能在当前代码页(936)中表示的字符。请将该文件保存为 Unicode 格式以防止数据丢失
C:\Users\sq\Desktop\ComputerGraphics\meshviewer_project-stu\Meshviewer\mesh\extension\ExKernelT.h(1,1): warning C4819: 该文件包含不能在当前代码页(936)中表示的字符。请将该文件保存为 Unicode 格式以防止数据丢失
C:\Users\sq\Desktop\ComputerGraphics\meshviewer_project-stu\Meshviewer\mesh\core\KernelT.cpp(1,1): warning C4819: 该文件包含不能在当前代码页(936)中表示的字符。请将该文件保存为 Unicode 格式以防止数据丢失
C:\Users\sq\Desktop\ComputerGraphics\meshviewer_project-stu\Meshviewer\mesh\core\KernelT.h(1,1): warning C4819: 该文件包含不能在当前代码页(936)中表示的字符。请将该文件保存为 Unicode 格式以防止数据丢失
C:\Users\sq\Desktop\ComputerGraphics\meshviewer_project-stu\Meshviewer\MeshInterface.h(61,16): error C2001: 常量中有换行符
C:\Users\sq\Desktop\ComputerGraphics\meshviewer_project-stu\Meshviewer\MeshInterface.h(62,8): error C2143: 语法错误: 缺少“;”(在“std::cout”的前面)
C:\Users\sq\Desktop\ComputerGraphics\meshviewer_project-stu\Meshviewer\MeshInterface.h(64,16): error C2001: 常量中有换行符
C:\Users\sq\Desktop\ComputerGraphics\meshviewer_project-stu\Meshviewer\MeshInterface.h(65,8): error C2143: 语法错误: 缺少“;”(在“std::cout”的前面)
