Build started 2018/9/30 9:23:38.
     1>Project "F:\授课\2019计算机图形学第一学期\final_projecct\meshviewer_project-stu\Meshviewer\Meshviewer.vcxproj" on node 2 (Build target(s)).
     1>ClCompile:
         C:\Program Files (x86)\Microsoft Visual Studio 12.0\VC\bin\CL.exe /c /IF:\Meshviewer\Meshviewer\mesh\read_write /IF:\Meshviewer\Meshviewer\mesh\extension /IF:\Meshviewer\Meshviewer\mesh\core /ZI /nologo /W3 /WX- /Od /Oy- /D WIN32 /D _DEBUG /D _CONSOLE /D _UNICODE /D UNICODE /Gm /EHsc /RTC1 /MDd /GS /fp:precise /Zc:wchar_t /Zc:forScope /Fo"Debug\\" /Fd"Debug\vc120.pdb" /Gd /TP /analyze- /errorReport:prompt meshviewer.cpp mesh\core\BaseHandle.cpp mesh\core\KernelT.cpp mesh\extension\ExKernelT.cpp mesh\read_write\read_write.cpp
         read_write.cpp
         ExKernelT.cpp
         KernelT.cpp
         BaseHandle.cpp
         meshviewer.cpp
     1>f:\授课\2019计算机图形学第一学期\final_projecct\meshviewer_project-stu\meshviewer\mesh\extension\exkernelt.cpp(215): warning C4996: 'fopen': This function or variable may be unsafe. Consider using fopen_s instead. To disable deprecation, use _CRT_SECURE_NO_WARNINGS. See online help for details.
                 c:\program files (x86)\microsoft visual studio 12.0\vc\include\stdio.h(211) : see declaration of 'fopen'
                 f:\授课\2019计算机图形学第一学期\final_projecct\meshviewer_project-stu\meshviewer\mesh\extension\exkernelt.cpp(212) : while compiling class template member function 'void MeshN::ExKernelT<MeshN::ExItems>::output_to_file(void)'
                 f:\授课\2019计算机图形学第一学期\final_projecct\meshviewer_project-stu\meshviewer\meshinterface.h(83) : see reference to function template instantiation 'void MeshN::ExKernelT<MeshN::ExItems>::output_to_file(void)' being compiled
                 f:\授课\2019计算机图形学第一学期\final_projecct\meshviewer_project-stu\meshviewer\meshinterface.h(30) : see reference to class template instantiation 'MeshN::ExKernelT<MeshN::ExItems>' being compiled
     1>f:\授课\2019计算机图形学第一学期\final_projecct\meshviewer_project-stu\meshviewer\mesh\read_write\read_write.cpp(24): warning C4996: 'fopen': This function or variable may be unsafe. Consider using fopen_s instead. To disable deprecation, use _CRT_SECURE_NO_WARNINGS. See online help for details.
                 c:\program files (x86)\microsoft visual studio 12.0\vc\include\stdio.h(211) : see declaration of 'fopen'
                 f:\授课\2019计算机图形学第一学期\final_projecct\meshviewer_project-stu\meshviewer\mesh\read_write\read_write.cpp(16) : while compiling class template member function 'bool MeshN::ReaderWriterT<MyMesh>::off_reader(const char *)'
                 f:\授课\2019计算机图形学第一学期\final_projecct\meshviewer_project-stu\meshviewer\meshinterface.h(42) : see reference to function template instantiation 'bool MeshN::ReaderWriterT<MyMesh>::off_reader(const char *)' being compiled
                 f:\授课\2019计算机图形学第一学期\final_projecct\meshviewer_project-stu\meshviewer\meshinterface.h(31) : see reference to class template instantiation 'MeshN::ReaderWriterT<MyMesh>' being compiled
     1>f:\授课\2019计算机图形学第一学期\final_projecct\meshviewer_project-stu\meshviewer\mesh\read_write\read_write.cpp(36): warning C4996: 'fscanf': This function or variable may be unsafe. Consider using fscanf_s instead. To disable deprecation, use _CRT_SECURE_NO_WARNINGS. See online help for details.
                 c:\program files (x86)\microsoft visual studio 12.0\vc\include\stdio.h(230) : see declaration of 'fscanf'
     1>f:\授课\2019计算机图形学第一学期\final_projecct\meshviewer_project-stu\meshviewer\mesh\read_write\read_write.cpp(43): warning C4996: 'fscanf': This function or variable may be unsafe. Consider using fscanf_s instead. To disable deprecation, use _CRT_SECURE_NO_WARNINGS. See online help for details.
                 c:\program files (x86)\microsoft visual studio 12.0\vc\include\stdio.h(230) : see declaration of 'fscanf'
     1>f:\授课\2019计算机图形学第一学期\final_projecct\meshviewer_project-stu\meshviewer\mesh\read_write\read_write.cpp(51): warning C4996: 'fscanf': This function or variable may be unsafe. Consider using fscanf_s instead. To disable deprecation, use _CRT_SECURE_NO_WARNINGS. See online help for details.
                 c:\program files (x86)\microsoft visual studio 12.0\vc\include\stdio.h(230) : see declaration of 'fscanf'
     1>f:\授课\2019计算机图形学第一学期\final_projecct\meshviewer_project-stu\meshviewer\mesh\read_write\read_write.cpp(57): warning C4996: 'fscanf': This function or variable may be unsafe. Consider using fscanf_s instead. To disable deprecation, use _CRT_SECURE_NO_WARNINGS. See online help for details.
                 c:\program files (x86)\microsoft visual studio 12.0\vc\include\stdio.h(230) : see declaration of 'fscanf'
     1>f:\授课\2019计算机图形学第一学期\final_projecct\meshviewer_project-stu\meshviewer\mesh\extension\exkernelt.cpp(527): warning C4018: '<' : signed/unsigned mismatch
                 f:\授课\2019计算机图形学第一学期\final_projecct\meshviewer_project-stu\meshviewer\mesh\extension\exkernelt.cpp(488) : while compiling class template member function 'void MeshN::ExKernelT<MeshN::ExItems>::adjustFaceNormal_FE(void)'
                 f:\授课\2019计算机图形学第一学期\final_projecct\meshviewer_project-stu\meshviewer\mesh\extension\exkernelt.cpp(572) : see reference to function template instantiation 'void MeshN::ExKernelT<MeshN::ExItems>::adjustFaceNormal_FE(void)' being compiled
                 f:\授课\2019计算机图形学第一学期\final_projecct\meshviewer_project-stu\meshviewer\mesh\extension\exkernelt.cpp(10) : while compiling class template member function 'MeshN::ExKernelT<MeshN::ExItems>::ExKernelT(void)'
                 f:\授课\2019计算机图形学第一学期\final_projecct\meshviewer_project-stu\meshviewer\meshinterface.h(30) : see reference to function template instantiation 'MeshN::ExKernelT<MeshN::ExItems>::ExKernelT(void)' being compiled
     1>f:\授课\2019计算机图形学第一学期\final_projecct\meshviewer_project-stu\meshviewer\mesh\extension\exkernelt.cpp(529): warning C4018: '>=' : signed/unsigned mismatch
     1>f:\授课\2019计算机图形学第一学期\final_projecct\meshviewer_project-stu\meshviewer\mesh\extension\exkernelt.cpp(538): warning C4018: '<' : signed/unsigned mismatch
     1>f:\授课\2019计算机图形学第一学期\final_projecct\meshviewer_project-stu\meshviewer\mesh\extension\exkernelt.cpp(665): warning C4018: '<' : signed/unsigned mismatch
                 f:\授课\2019计算机图形学第一学期\final_projecct\meshviewer_project-stu\meshviewer\mesh\extension\exkernelt.cpp(623) : while compiling class template member function 'void MeshN::ExKernelT<MeshN::ExItems>::adjustFaceNormal_YouyiZheng(void)'
                 f:\授课\2019计算机图形学第一学期\final_projecct\meshviewer_project-stu\meshviewer\mesh\extension\exkernelt.cpp(702) : see reference to function template instantiation 'void MeshN::ExKernelT<MeshN::ExItems>::adjustFaceNormal_YouyiZheng(void)' being compiled
     1>f:\授课\2019计算机图形学第一学期\final_projecct\meshviewer_project-stu\meshviewer\mesh\extension\exkernelt.cpp(626): warning C4101: 'MinSigmaS' : unreferenced local variable
     1>f:\授课\2019计算机图形学第一学期\final_projecct\meshviewer_project-stu\meshviewer\mesh\extension\exkernelt.cpp(193): warning C4018: '<' : signed/unsigned mismatch
                 f:\授课\2019计算机图形学第一学期\final_projecct\meshviewer_project-stu\meshviewer\mesh\extension\exkernelt.cpp(169) : while compiling class template member function 'void MeshN::ExKernelT<MeshN::ExItems>::getNeighborFaceN2(MeshN::InternalHandles::FacetHandle &,std::vector<MeshN::InternalHandles::FacetHandle,std::allocator<_Ty>> &)'
                 with
                 [
                     _Ty=MeshN::InternalHandles::FacetHandle
                 ]
                 f:\授课\2019计算机图形学第一学期\final_projecct\meshviewer_project-stu\meshviewer\mesh\extension\exkernelt.cpp(660) : see reference to function template instantiation 'void MeshN::ExKernelT<MeshN::ExItems>::getNeighborFaceN2(MeshN::InternalHandles::FacetHandle &,std::vector<MeshN::InternalHandles::FacetHandle,std::allocator<_Ty>> &)' being compiled
                 with
                 [
                     _Ty=MeshN::InternalHandles::FacetHandle
                 ]
                 f:\授课\2019计算机图形学第一学期\final_projecct\meshviewer_project-stu\meshviewer\mesh\extension\exkernelt.cpp(254) : while compiling class template member function 'MathN::Vector3T<float> MeshN::ExKernelT<MeshN::ExItems>::normal(const MeshN::InternalHandles::FacetHandle &)'
                 f:\授课\2019计算机图形学第一学期\final_projecct\meshviewer_project-stu\meshviewer\mesh\read_write\read_write.cpp(92) : see reference to function template instantiation 'MathN::Vector3T<float> MeshN::ExKernelT<MeshN::ExItems>::normal(const MeshN::InternalHandles::FacetHandle &)' being compiled
     1>f:\授课\2019计算机图形学第一学期\final_projecct\meshviewer_project-stu\meshviewer\mesh\extension\exkernelt.cpp(198): warning C4018: '>=' : signed/unsigned mismatch
     1>f:\授课\2019计算机图形学第一学期\final_projecct\meshviewer_project-stu\meshviewer\mesh\core\kernelt.cpp(707): warning C4018: '<' : signed/unsigned mismatch
                 f:\授课\2019计算机图形学第一学期\final_projecct\meshviewer_project-stu\meshviewer\mesh\core\kernelt.cpp(706) : while compiling class template member function 'MeshN::InternalHandles::HalfedgeHandle MeshN::KernelT<ExItems>::_find_halfedge_handle(const MeshN::InternalHandles::VertexHandle &,const MeshN::InternalHandles::VertexHandle &)'
                 with
                 [
                     ExItems=MeshN::ExItems
                 ]
                 f:\授课\2019计算机图形学第一学期\final_projecct\meshviewer_project-stu\meshviewer\mesh\core\kernelt.cpp(573) : see reference to function template instantiation 'MeshN::InternalHandles::HalfedgeHandle MeshN::KernelT<ExItems>::_find_halfedge_handle(const MeshN::InternalHandles::VertexHandle &,const MeshN::InternalHandles::VertexHandle &)' being compiled
                 with
                 [
                     ExItems=MeshN::ExItems
                 ]
         Generating Code...
       Link:
         C:\Program Files (x86)\Microsoft Visual Studio 12.0\VC\bin\link.exe /ERRORREPORT:PROMPT /OUT:"F:\授课\2019计算机图形学第一学期\final_projecct\meshviewer_project-stu\Debug\Meshviewer.exe" /INCREMENTAL /NOLOGO /LIBPATH:F:\Meshviewer\Meshviewer\mesh\read_write /LIBPATH:F:\Meshviewer\Meshviewer\mesh\extension /LIBPATH:F:\Meshviewer\Meshviewer\mesh\core kernel32.lib user32.lib gdi32.lib winspool.lib comdlg32.lib advapi32.lib shell32.lib ole32.lib oleaut32.lib uuid.lib odbc32.lib odbccp32.lib /MANIFEST /ManifestFile:"Debug\Meshviewer.exe.intermediate.manifest" /MANIFESTUAC:"level='asInvoker' uiAccess='false'" /DEBUG /PDB:"F:\授课\2019计算机图形学第一学期\final_projecct\meshviewer_project-stu\Debug\Meshviewer.pdb" /SUBSYSTEM:CONSOLE /TLBID:1 /DYNAMICBASE /NXCOMPAT /IMPLIB:"F:\授课\2019计算机图形学第一学期\final_projecct\meshviewer_project-stu\Debug\Meshviewer.lib" /MACHINE:X86 Debug\meshviewer.obj
         Debug\BaseHandle.obj
         Debug\KernelT.obj
         Debug\ExKernelT.obj
         Debug\read_write.obj
         Meshviewer.vcxproj -> F:\授课\2019计算机图形学第一学期\final_projecct\meshviewer_project-stu\Debug\Meshviewer.exe
       Manifest:
         C:\Program Files (x86)\Windows Kits\8.1\bin\x86\mt.exe /nologo /verbose /out:"F:\授课\2019计算机图形学第一学期\final_projecct\meshviewer_project-stu\Debug\Meshviewer.exe.manifest" /manifest Debug\Meshviewer.exe.intermediate.manifest
     1>Done Building Project "F:\授课\2019计算机图形学第一学期\final_projecct\meshviewer_project-stu\Meshviewer\Meshviewer.vcxproj" (Build target(s)).

Build succeeded.

Time Elapsed 00:00:02.90
